  animation.cpp
  asteroids.cpp
  audio.cpp
E:\NOTES\MY Personal\SEM 3\OOP\Project\FInal project\cit clone\SpaceRush\SpaceRush\asteroids.h(3,10): fatal error C1083: Cannot open include file: 'SFML/Graphics.hpp': No such file or directory
  blackhole.cpp
E:\NOTES\MY Personal\SEM 3\OOP\Project\FInal project\cit clone\SpaceRush\SpaceRush\audio.h(2,10): fatal error C1083: Cannot open include file: 'SFML/Audio.hpp': No such file or directory
  client.cpp
E:\NOTES\MY Personal\SEM 3\OOP\Project\FInal project\cit clone\SpaceRush\SpaceRush\blackhole.h(2,10): fatal error C1083: Cannot open include file: 'SFML/Graphics.hpp': No such file or directory
  entrybox.cpp
E:\NOTES\MY Personal\SEM 3\OOP\Project\FInal project\cit clone\SpaceRush\SpaceRush\client.h(1,10): fatal error C1083: Cannot open include file: 'SFML/Network.hpp': No such file or directory
  grenade.cpp
E:\NOTES\MY Personal\SEM 3\OOP\Project\FInal project\cit clone\SpaceRush\SpaceRush\widget.h(2,10): fatal error C1083: Cannot open include file: 'SFML/Graphics.hpp': No such file or directory
  pickup.cpp
E:\NOTES\MY Personal\SEM 3\OOP\Project\FInal project\cit clone\SpaceRush\SpaceRush\grenade.h(2,10): fatal error C1083: Cannot open include file: 'SFML/Graphics.hpp': No such file or directory
  server.cpp
E:\NOTES\MY Personal\SEM 3\OOP\Project\FInal project\cit clone\SpaceRush\SpaceRush\spaceship.h(2,10): fatal error C1083: Cannot open include file: 'SFML/Graphics.hpp': No such file or directory
  spaceship.cpp
E:\NOTES\MY Personal\SEM 3\OOP\Project\FInal project\cit clone\SpaceRush\SpaceRush\server.h(1,10): fatal error C1083: Cannot open include file: 'SFML/Network.hpp': No such file or directory
  bullet.cpp
E:\NOTES\MY Personal\SEM 3\OOP\Project\FInal project\cit clone\SpaceRush\SpaceRush\spaceship.h(2,10): fatal error C1083: Cannot open include file: 'SFML/Graphics.hpp': No such file or directory
  button.cpp
E:\NOTES\MY Personal\SEM 3\OOP\Project\FInal project\cit clone\SpaceRush\SpaceRush\bullet.h(2,10): fatal error C1083: Cannot open include file: 'SFML/Graphics.hpp': No such file or directory
  game.cpp
E:\NOTES\MY Personal\SEM 3\OOP\Project\FInal project\cit clone\SpaceRush\SpaceRush\widget.h(2,10): fatal error C1083: Cannot open include file: 'SFML/Graphics.hpp': No such file or directory
  gameover.cpp
E:\NOTES\MY Personal\SEM 3\OOP\Project\FInal project\cit clone\SpaceRush\SpaceRush\game.h(2,10): fatal error C1083: Cannot open include file: 'SFML/Graphics.hpp': No such file or directory
  gameplay.cpp
E:\NOTES\MY Personal\SEM 3\OOP\Project\FInal project\cit clone\SpaceRush\SpaceRush\scene.h(5,10): fatal error C1083: Cannot open include file: 'SFML/System.hpp': No such file or directory
  main.cpp
E:\NOTES\MY Personal\SEM 3\OOP\Project\FInal project\cit clone\SpaceRush\SpaceRush\scene.h(5,10): fatal error C1083: Cannot open include file: 'SFML/System.hpp': No such file or directory
  menu.cpp
E:\NOTES\MY Personal\SEM 3\OOP\Project\FInal project\cit clone\SpaceRush\SpaceRush\game.h(2,10): fatal error C1083: Cannot open include file: 'SFML/Graphics.hpp': No such file or directory
  scenemanager.cpp
E:\NOTES\MY Personal\SEM 3\OOP\Project\FInal project\cit clone\SpaceRush\SpaceRush\menu.cpp(1,10): fatal error C1083: Cannot open include file: 'SFML/Window.hpp': No such file or directory
  textbox.cpp
E:\NOTES\MY Personal\SEM 3\OOP\Project\FInal project\cit clone\SpaceRush\SpaceRush\scene.h(5,10): fatal error C1083: Cannot open include file: 'SFML/System.hpp': No such file or directory
  world.cpp
E:\NOTES\MY Personal\SEM 3\OOP\Project\FInal project\cit clone\SpaceRush\SpaceRush\widget.h(2,10): fatal error C1083: Cannot open include file: 'SFML/Graphics.hpp': No such file or directory
E:\NOTES\MY Personal\SEM 3\OOP\Project\FInal project\cit clone\SpaceRush\SpaceRush\world.h(2,10): fatal error C1083: Cannot open include file: 'SFML/Graphics.hpp': No such file or directory
